2023-02-26 13:24:20,786 [INFO] - __main__ -  is_fold_exists:59 - Folder with name /home/oleksandr/РЎС‚С–Р»СЊРЅРёС†СЏ/trash/documents was not exist and was created
2023-02-26 13:24:20,786 [INFO] - __main__ -       normalize:35 - File name СЃР°С€Р°.doc was normalized
2023-02-26 13:24:20,788 [INFO] - __main__ -     folder_sort:70 - File with name /home/oleksandr/РЎС‚С–Р»СЊРЅРёС†СЏ/trash/РґРѕРєСѓРј/СЃР°С€Р°.doc was removed to /home/oleksandr/РЎС‚С–Р»СЊРЅРёС†СЏ/trash/documents
2023-02-26 13:24:20,789 [INFO] - __main__ -       normalize:35 - File name СЃР°С€Р°.doc was normalized
2023-02-26 13:24:20,797 [INFO] - __main__ -  is_fold_exists:59 - Folder with name /home/oleksandr/РЎС‚С–Р»СЊРЅРёС†СЏ/trash/archives was not exist and was created
2023-02-26 13:24:20,798 [INFO] - __main__ -  is_file_exists:47 - File with name sasha is already exists and was renaed to sasha_26_02_2023_13_24_20_798337_.doc
2023-02-26 13:24:20,800 [INFO] - __main__ -     folder_sort:70 - File with name /home/oleksandr/РЎС‚С–Р»СЊРЅРёС†СЏ/trash/СЃР°С€Р°.doc was removed to /home/oleksandr/РЎС‚С–Р»СЊРЅРёС†СЏ/trash/documents
2023-02-26 13:24:20,806 [INFO] - __main__ -       normalize:35 - File name Р°СЂС…С–РІ.zip was normalized
2023-02-26 13:24:20,807 [INFO] - __main__ -     folder_sort:70 - File with name /home/oleksandr/РЎС‚С–Р»СЊРЅРёС†СЏ/trash/Р·Р°РІР°РЅС‚Р¶РµРЅ/Р°СЂС…С–РІ.zip was removed to /home/oleksandr/РЎС‚С–Р»СЊРЅРёС†СЏ/trash/archives
2023-02-26 13:24:20,811 [INFO] - __main__ -       normalize:35 - File name Р±РёС‚РёР№ Р°СЂС…С–РІ.zip was normalized
2023-02-26 13:24:20,813 [INFO] - __main__ -  is_fold_exists:59 - Folder with name /home/oleksandr/РЎС‚С–Р»СЊРЅРёС†СЏ/trash/other was not exist and was created
2023-02-26 13:24:20,814 [INFO] - __main__ -     folder_sort:70 - File with name /home/oleksandr/РЎС‚С–Р»СЊРЅРёС†СЏ/trash/Р±РёС‚РёР№ Р°СЂС…С–РІ.zip was removed to /home/oleksandr/РЎС‚С–Р»СЊРЅРёС†СЏ/trash/archives
2023-02-26 13:24:20,816 [INFO] - __main__ -       normalize:35 - File name Quadrilateral.py was normalized
2023-02-26 13:24:20,817 [INFO] - __main__ -     folder_sort:70 - File with name /home/oleksandr/РЎС‚С–Р»СЊРЅРёС†СЏ/trash/aaaaa/Quadrilateral.py was removed to /home/oleksandr/РЎС‚С–Р»СЊРЅРёС†СЏ/trash/other
2023-02-26 13:24:20,817 [INFO] - __main__ -       normalize:35 - File name Building.py was normalized
2023-02-26 13:24:20,819 [INFO] - __main__ -     folder_sort:70 - File with name /home/oleksandr/РЎС‚С–Р»СЊРЅРёС†СЏ/trash/aaaaa/Building.py was removed to /home/oleksandr/РЎС‚С–Р»СЊРЅРёС†СЏ/trash/other
2023-02-26 13:24:20,822 [INFO] - __main__ -       normalize:35 - File name СЃР°С€Р°.doc was normalized
2023-02-26 13:24:20,828 [INFO] - __main__ -  is_file_exists:47 - File with name sasha is already exists and was renaed to sasha_26_02_2023_13_24_20_827965_.doc
2023-02-26 13:24:20,828 [INFO] - __main__ -     folder_sort:70 - File with name /home/oleksandr/РЎС‚С–Р»СЊРЅРёС†СЏ/trash/aaaaa/СЃР°С€Р°.doc was removed to /home/oleksandr/РЎС‚С–Р»СЊРЅРёС†СЏ/trash/documents
2023-02-26 13:24:20,833 [INFO] - __main__ -       normalize:35 - File name City.py was normalized
2023-02-26 13:24:20,835 [INFO] - __main__ -       normalize:35 - File name Rectangle.py was normalized
2023-02-26 13:24:20,844 [INFO] - __main__ -       sort_file:148 - Empty folder /home/oleksandr/РЎС‚С–Р»СЊРЅРёС†СЏ/trash/РґРѕРєСѓРј was removed
2023-02-26 13:24:20,846 [INFO] - __main__ -       sort_file:148 - Empty folder /home/oleksandr/РЎС‚С–Р»СЊРЅРёС†СЏ/trash/Р·Р°РІР°РЅС‚Р¶РµРЅ was removed
2023-02-26 13:24:20,844 [INFO] - __main__ -     folder_sort:70 - File with name /home/oleksandr/РЎС‚С–Р»СЊРЅРёС†СЏ/trash/aaaaa/City.py was removed to /home/oleksandr/РЎС‚С–Р»СЊРЅРёС†СЏ/trash/other
2023-02-26 13:24:20,847 [INFO] - __main__ -     folder_sort:70 - File with name /home/oleksandr/РЎС‚С–Р»СЊРЅРёС†СЏ/trash/aaaaa/Rectangle.py was removed to /home/oleksandr/РЎС‚С–Р»СЊРЅРёС†СЏ/trash/other
2023-02-26 13:24:20,906 [INFO] - __main__ -       sort_file:137 - Archiv arhiv.zip was unpacked
2023-02-26 13:24:20,912 [ERROR] - __main__ -       sort_file:140 - Error unpacking the archive 'bitij_arhiv.zip'!
2023-02-26 13:24:20,920 [INFO] - __main__ -       sort_file:148 - Empty folder /home/oleksandr/РЎС‚С–Р»СЊРЅРёС†СЏ/trash/aaaaa was removed
2023-02-26 14:40:24,531 [ERROR] - __main__ -            main:168 - The folder with path /home/oleksandr/РЎС‚С–Р»СЊРЅРёС†СЏ/trash/1 was not found
2023-02-26 14:44:29,551 [ERROR] - __main__ -            main:168 - The folder with path '/home/oleksandr/РЎС‚С–Р»СЊРЅРёС†СЏ/trash/1' was not found
2023-02-26 14:54:21,515 [ERROR] - __main__ -            main:168 - The folder with path '/home/oleksandr/РЎС‚С–Р»СЊРЅРёС†СЏ/trash/1' was not found
2023-02-26 14:54:43,810 [INFO] - __main__ -       normalize:34 - File name 'С‚Р°РЅСЏ.doc' was normalized
2023-02-26 14:54:43,818 [INFO] - __main__ -       normalize:34 - File name 'С‚Р°РЅСЏ.doc' was normalized
2023-02-26 14:54:43,825 [INFO] - __main__ -       sort_file:147 - Empty folder '/home/oleksandr/РЎС‚С–Р»СЊРЅРёС†СЏ/trash/РєР°С‚РѕРє' was removed
2023-02-26 14:54:43,848 [INFO] - __main__ -  is_file_exists:46 - File with name 'tanya' is already exists and was renamed to tanya_26_02_2023_14_54_43_847639_.doc
2023-02-26 14:54:43,869 [INFO] - __main__ -       sort_file:136 - Archiv 'arhiv.zip' was unpacked
2023-02-26 14:54:43,872 [ERROR] - __main__ -       sort_file:139 - Error unpacking the archive 'bitij_arhiv.zip'!
2023-02-26 14:57:35,689 [INFO] - __main__ -       sort_file:136 - Archiv 'arhiv.zip' was unpacked
2023-02-26 14:57:35,690 [ERROR] - __main__ -       sort_file:139 - Error unpacking the archive 'bitij_arhiv.zip'!
2023-02-26 15:00:28,259 [INFO] - __main__ -       sort_file:136 - Archiv 'arhiv.zip' was unpacked
2023-02-26 15:00:28,260 [ERROR] - __main__ -       sort_file:139 - Error unpacking the archive 'bitij_arhiv.zip'!
2023-02-26 15:05:20,986 [INFO] - __main__ -       normalize:34 - File name 'СЃР°С€Р°.doc' was normalized
2023-02-26 15:05:20,994 [INFO] - __main__ -  is_file_exists:46 - File with name 'sasha' is already exists and was renamed to sasha_26_02_2023_15_05_20_994325_.doc
2023-02-26 15:05:20,994 [INFO] - __main__ -     folder_sort:69 - File with name 'СЃР°С€Р°.doc' was removed to /home/oleksandr/РЎС‚С–Р»СЊРЅРёС†СЏ/trash/documents
2023-02-26 15:05:21,021 [INFO] - __main__ -       sort_file:138 - Archiv 'arhiv.zip' was unpacked
2023-02-26 15:05:21,026 [ERROR] - __main__ -       sort_file:141 - Error unpacking the archive 'bitij_arhiv.zip'!
2023-02-26 15:08:00,790 [INFO] - __main__ -       sort_file:126 - Empty folder '/home/oleksandr/РЎС‚С–Р»СЊРЅРёС†СЏ/trash/РєР°С‚РѕРє' was removed
2023-02-26 15:08:00,837 [INFO] - __main__ -       sort_file:138 - Archiv 'arhiv.zip' was unpacked
2023-02-26 15:08:00,838 [ERROR] - __main__ -       sort_file:141 - Error unpacking the archive 'bitij_arhiv.zip'!
2023-02-26 22:42:42,932 [INFO] - __main__ -     create_list:44 - [ForkPoolWorker-2]: 128
2023-02-26 22:42:42,933 [INFO] - __main__ -     create_list:44 - [ForkPoolWorker-1]: 255
2023-02-26 22:42:43,000 [INFO] - __main__ -     create_list:44 - [ForkPoolWorker-1]: 99999
2023-02-26 22:42:45,732 [INFO] - __main__ -     create_list:44 - [ForkPoolWorker-2]: 10651060
2023-02-26 22:44:04,338 [INFO] - __main__ -     create_list:44 - [ForkPoolWorker-1]: 128
2023-02-26 22:44:04,343 [INFO] - __main__ -     create_list:44 - [ForkPoolWorker-2]: 255
2023-02-26 22:44:04,425 [INFO] - __main__ -     create_list:44 - [ForkPoolWorker-1]: 99999
2023-02-26 22:44:06,705 [INFO] - __main__ -     create_list:44 - [ForkPoolWorker-2]: 10651060
2023-02-26 22:46:10,362 [INFO] - __main__ -     create_list:44 - [ForkPoolWorker-2]: 128
2023-02-26 22:46:10,373 [INFO] - __main__ -     create_list:44 - [ForkPoolWorker-1]: 255
2023-02-26 22:46:10,441 [INFO] - __main__ -     create_list:44 - [ForkPoolWorker-1]: 99999
2023-02-26 22:46:12,694 [INFO] - __main__ -     create_list:44 - [ForkPoolWorker-2]: 10651060
2023-02-26 22:47:00,569 [INFO] - __main__ -     create_list:44 - [ForkPoolWorker-1]: 128
2023-02-26 22:47:00,580 [INFO] - __main__ -     create_list:44 - [ForkPoolWorker-1]: 255
2023-02-26 22:47:00,641 [INFO] - __main__ -     create_list:44 - [ForkPoolWorker-1]: 99999
2023-02-26 22:47:02,882 [INFO] - __main__ -     create_list:44 - [ForkPoolWorker-3]: 10651060
2023-02-26 22:47:37,527 [INFO] - __main__ -     create_list:44 - [ForkPoolWorker-1]: 128
2023-02-26 22:47:37,541 [INFO] - __main__ -     create_list:44 - [ForkPoolWorker-1]: 255
2023-02-26 22:47:37,606 [INFO] - __main__ -     create_list:44 - [ForkPoolWorker-1]: 99999
2023-02-26 22:47:39,836 [INFO] - __main__ -     create_list:44 - [ForkPoolWorker-3]: 10651060
2023-02-27 09:34:12,198 [INFO] - __mp_main__ -     create_list:44 - [SpawnPoolWorker-1]: 128
2023-02-27 09:34:12,198 [INFO] - __mp_main__ -     create_list:44 - [SpawnPoolWorker-2]: 255
2023-02-27 09:34:12,214 [INFO] - __mp_main__ -     create_list:44 - [SpawnPoolWorker-1]: 99999
2023-02-27 09:34:12,815 [INFO] - __mp_main__ -     create_list:44 - [SpawnPoolWorker-2]: 10651060
2023-02-27 09:36:04,767 [INFO] - __mp_main__ -     create_list:44 - [SpawnPoolWorker-1]: 128
2023-02-27 09:36:04,767 [INFO] - __mp_main__ -     create_list:44 - [SpawnPoolWorker-8]: 255
2023-02-27 09:36:04,775 [INFO] - __mp_main__ -     create_list:44 - [SpawnPoolWorker-1]: 99999
2023-02-27 09:36:05,339 [INFO] - __mp_main__ -     create_list:44 - [SpawnPoolWorker-8]: 10651060
2023-02-27 09:36:14,876 [INFO] - __mp_main__ -     create_list:44 - [SpawnPoolWorker-1]: 128
2023-02-27 09:36:14,876 [INFO] - __mp_main__ -     create_list:44 - [SpawnPoolWorker-4]: 255
2023-02-27 09:36:14,886 [INFO] - __mp_main__ -     create_list:44 - [SpawnPoolWorker-1]: 99999
2023-02-27 09:36:15,451 [INFO] - __mp_main__ -     create_list:44 - [SpawnPoolWorker-4]: 10651060
2023-02-27 09:42:07,058 [INFO] - __mp_main__ -     create_list:44 - [SpawnPoolWorker-4]: 128
2023-02-27 09:42:07,073 [INFO] - __mp_main__ -     create_list:44 - [SpawnPoolWorker-4]: 255
2023-02-27 09:42:07,073 [INFO] - __mp_main__ -     create_list:44 - [SpawnPoolWorker-4]: 99999
2023-02-27 09:42:07,674 [INFO] - __mp_main__ -     create_list:44 - [SpawnPoolWorker-4]: 10651060
2023-02-27 09:43:09,072 [INFO] - __mp_main__ -     create_list:44 - [SpawnPoolWorker-7]: 128
2023-02-27 09:43:09,072 [INFO] - __mp_main__ -     create_list:44 - [SpawnPoolWorker-7]: 255
2023-02-27 09:43:09,074 [INFO] - __mp_main__ -     create_list:44 - [SpawnPoolWorker-7]: 99999
2023-02-27 09:43:09,650 [INFO] - __mp_main__ -     create_list:44 - [SpawnPoolWorker-7]: 10651060
2023-02-27 09:43:33,833 [INFO] - __mp_main__ -     create_list:44 - [SpawnPoolWorker-1]: 128
2023-02-27 09:43:33,833 [INFO] - __mp_main__ -     create_list:44 - [SpawnPoolWorker-1]: 255
2023-02-27 09:43:33,833 [INFO] - __mp_main__ -     create_list:44 - [SpawnPoolWorker-1]: 99999
2023-02-27 09:43:34,425 [INFO] - __mp_main__ -     create_list:44 - [SpawnPoolWorker-1]: 10651060
2023-02-27 10:06:30,625 [INFO] - __mp_main__ -     create_list:44 - [SpawnPoolWorker-2]: 128
2023-02-27 10:06:30,625 [INFO] - __mp_main__ -     create_list:44 - [SpawnPoolWorker-2]: 255
2023-02-27 10:06:30,635 [INFO] - __mp_main__ -     create_list:44 - [SpawnPoolWorker-2]: 99999
2023-02-27 10:06:31,191 [INFO] - __mp_main__ -     create_list:44 - [SpawnPoolWorker-4]: 10651060
2023-02-27 10:26:09,029 [INFO] - __mp_main__ -     create_list:41 - [SpawnPoolWorker-6]: 128
2023-02-27 10:26:09,029 [INFO] - __mp_main__ -     create_list:41 - [SpawnPoolWorker-3]: 255
2023-02-27 10:26:09,029 [INFO] - __mp_main__ -     create_list:41 - [SpawnPoolWorker-6]: 99999
2023-02-27 10:26:09,567 [INFO] - __mp_main__ -     create_list:41 - [SpawnPoolWorker-3]: 10651060
2023-02-27 10:35:33,242 [INFO] - __mp_main__ -     create_list:41 - [SpawnPoolWorker-3]: 128
2023-02-27 10:35:33,242 [INFO] - __mp_main__ -     create_list:41 - [SpawnPoolWorker-3]: 255
2023-02-27 10:35:33,250 [INFO] - __mp_main__ -     create_list:41 - [SpawnPoolWorker-3]: 99999
2023-02-27 10:35:33,843 [INFO] - __mp_main__ -     create_list:41 - [SpawnPoolWorker-9]: 10651060
2023-03-02 11:04:33,149 [INFO] - __main__ -  is_fold_exists:58 - Folder with name 'C:\Users\Rezerv\Desktop\trash\documents' was not exist and was created
2023-03-02 11:04:33,149 [INFO] - __main__ -  is_fold_exists:58 - Folder with name 'C:\Users\Rezerv\Desktop\trash\other' was not exist and was created
2023-03-02 11:04:33,149 [INFO] - __main__ -       normalize:34 - File name 'саша.txt' was normalized
2023-03-02 11:04:33,149 [INFO] - __main__ -       normalize:34 - File name 'Novyj_tochechnyj_risunok.bmp' was normalized
2023-03-02 11:04:33,149 [INFO] - __main__ -     folder_sort:69 - File with name 'Novyj_tochechnyj_risunok.bmp' was removed to C:\Users\Rezerv\Desktop\trash\other
2023-03-02 11:04:33,165 [INFO] - __main__ -       sort_file:150 - Empty folder 'C:\Users\Rezerv\Desktop\trash\documents' was removed
2023-03-02 11:04:33,165 [INFO] - __main__ -       normalize:34 - File name 'Новый точечный рисунок.bmp' was normalized
2023-03-02 11:04:33,172 [INFO] - __main__ -  is_file_exists:46 - File with name 'Novyj_tochechnyj_risunok' is already exists and was renamed to Novyj_tochechnyj_risunok_02_03_2023_11_04_33_168739_.bmp
2023-03-02 11:04:33,172 [INFO] - __main__ -  is_fold_exists:58 - Folder with name 'C:\Users\Rezerv\Desktop\trash\documents' was not exist and was created
2023-03-02 11:04:33,179 [INFO] - __main__ -     folder_sort:69 - File with name 'саша.txt' was removed to C:\Users\Rezerv\Desktop\trash\documents
2023-03-02 11:04:33,180 [INFO] - __main__ -       normalize:34 - File name 'саша.txt' was normalized
2023-03-02 11:04:33,182 [INFO] - __main__ -  is_file_exists:46 - File with name 'sasha' is already exists and was renamed to sasha_02_03_2023_11_04_33_182701_.txt
2023-03-02 11:04:33,183 [INFO] - __main__ -     folder_sort:69 - File with name 'Новый точечный рисунок.bmp' was removed to C:\Users\Rezerv\Desktop\trash\other
2023-03-02 11:04:33,183 [INFO] - __main__ -     folder_sort:69 - File with name 'саша.txt' was removed to C:\Users\Rezerv\Desktop\trash\documents
2023-03-02 12:15:02,024 [INFO] - __main__ -       normalize:34 - File name 'саша.txt' was normalized
2023-03-02 12:15:02,024 [INFO] - __main__ -  is_file_exists:46 - File with name 'sasha' is already exists and was renamed to sasha_02_03_2023_12_15_02_024714_.txt
2023-03-02 12:15:02,024 [INFO] - __main__ -       sort_file:127 - Empty folder 'C:\Users\Rezerv\Desktop\trash\вввв' was removed
2023-03-02 12:15:02,024 [INFO] - __main__ -     folder_sort:69 - File with name 'саша.txt' was removed to C:\Users\Rezerv\Desktop\trash\documents
2023-03-02 12:15:02,024 [INFO] - __main__ -       sort_file:150 - Empty folder 'C:\Users\Rezerv\Desktop\trash\22222' was removed
2023-03-02 12:17:07,560 [INFO] - __main__ -  is_fold_exists:58 - Folder with name 'C:\Users\Rezerv\Desktop\trash\other' was not exist and was created
2023-03-02 12:17:07,560 [INFO] - __main__ -       normalize:34 - File name 'рисунок.bmp' was normalized
2023-03-02 12:17:07,560 [INFO] - __main__ -       normalize:34 - File name 'рисунок.bmp' was normalized
2023-03-02 12:17:07,560 [INFO] - __main__ -       normalize:34 - File name 'рисунок.bmp' was normalized
2023-03-02 12:17:07,560 [INFO] - __main__ -  is_fold_exists:58 - Folder with name 'C:\Users\Rezerv\Desktop\trash\documents' was not exist and was created
2023-03-02 12:17:07,576 [INFO] - __main__ -     folder_sort:69 - File with name 'рисунок.bmp' was removed to C:\Users\Rezerv\Desktop\trash\other
2023-03-02 12:17:07,576 [INFO] - __main__ -       normalize:34 - File name 'саша.txt' was normalized
2023-03-02 12:17:07,560 [INFO] - __main__ -       normalize:34 - File name 'саша.txt' was normalized
2023-03-02 12:17:07,576 [INFO] - __main__ -       normalize:34 - File name 'саша.txt' was normalized
2023-03-02 12:17:07,576 [INFO] - __main__ -  is_file_exists:46 - File with name 'risunok' is already exists and was renamed to risunok_02_03_2023_12_17_07_576380_.bmp
2023-03-02 12:17:07,576 [INFO] - __main__ -     folder_sort:69 - File with name 'саша.txt' was removed to C:\Users\Rezerv\Desktop\trash\documents
2023-03-02 12:17:07,576 [INFO] - __main__ -     folder_sort:69 - File with name 'рисунок.bmp' was removed to C:\Users\Rezerv\Desktop\trash\other
2023-03-02 12:17:07,576 [INFO] - __main__ -  is_file_exists:46 - File with name 'sasha' is already exists and was renamed to sasha_02_03_2023_12_17_07_576380_.txt
2023-03-02 12:17:07,576 [INFO] - __main__ -  is_file_exists:46 - File with name 'sasha' is already exists and was renamed to sasha_02_03_2023_12_17_07_576380_.txt
2023-03-02 12:17:07,576 [INFO] - __main__ -     folder_sort:69 - File with name 'саша.txt' was removed to C:\Users\Rezerv\Desktop\trash\documents
2023-03-02 12:17:07,576 [INFO] - __main__ -     folder_sort:69 - File with name 'саша.txt' was removed to C:\Users\Rezerv\Desktop\trash\documents
2023-03-02 12:22:16,881 [INFO] - __main__ -       sort_file:128 - Empty folder 'C:\Users\Rezerv\Desktop\trash\hhhh' was removed
2023-03-02 12:22:16,881 [INFO] - __main__ -       sort_file:128 - Empty folder 'C:\Users\Rezerv\Desktop\trash\llll' was removed
2023-03-02 12:22:16,881 [INFO] - __main__ -       normalize:35 - File name 'рисунок.bmp' was normalized
2023-03-02 12:22:16,881 [INFO] - __main__ -  is_file_exists:47 - File with name 'risunok' is already exists and was renamed to risunok_02_03_2023_12_22_16_881848_.bmp
2023-03-02 12:22:16,881 [INFO] - __main__ -     folder_sort:70 - File with name 'рисунок.bmp' was removed to C:\Users\Rezerv\Desktop\trash\other
2023-03-02 12:23:51,081 [INFO] - __main__ -  is_fold_exists:59 - Folder with name 'C:\Users\Rezerv\Desktop\trash\other' was not exist and was created
2023-03-02 12:23:51,081 [INFO] - __main__ -       normalize:35 - File name 'рисунок.bmp' was normalized
2023-03-02 12:23:51,081 [INFO] - __main__ -       normalize:35 - File name 'рисунок.bmp' was normalized
2023-03-02 12:23:51,081 [INFO] - __main__ -     folder_sort:70 - File with name 'рисунок.bmp' was removed to C:\Users\Rezerv\Desktop\trash\other
2023-03-02 12:23:51,081 [INFO] - __main__ -  is_fold_exists:59 - Folder with name 'C:\Users\Rezerv\Desktop\trash\documents' was not exist and was created
2023-03-02 12:23:51,081 [INFO] - __main__ -       normalize:35 - File name 'рисунок.bmp' was normalized
2023-03-02 12:23:51,081 [INFO] - __main__ -       normalize:35 - File name 'саша.txt' was normalized
2023-03-02 12:23:51,081 [INFO] - __main__ -       normalize:35 - File name 'саша.txt' was normalized
2023-03-02 12:23:51,081 [INFO] - __main__ -  is_file_exists:47 - File with name 'risunok' is already exists and was renamed to risunok_02_03_2023_12_23_51_081207_.bmp
2023-03-02 12:23:51,081 [INFO] - __main__ -       normalize:35 - File name 'саша.txt' was normalized
2023-03-02 12:23:51,081 [INFO] - __main__ -     folder_sort:70 - File with name 'саша.txt' was removed to C:\Users\Rezerv\Desktop\trash\documents
2023-03-02 12:23:51,081 [INFO] - __main__ -  is_file_exists:47 - File with name 'risunok' is already exists and was renamed to risunok_02_03_2023_12_23_51_081207_.bmp
2023-03-02 12:23:51,096 [INFO] - __main__ -  is_file_exists:47 - File with name 'sasha' is already exists and was renamed to sasha_02_03_2023_12_23_51_096829_.txt
2023-03-02 12:23:51,096 [INFO] - __main__ -     folder_sort:70 - File with name 'саша.txt' was removed to C:\Users\Rezerv\Desktop\trash\documents
2023-03-02 12:23:51,096 [INFO] - __main__ -     folder_sort:70 - File with name 'рисунок.bmp' was removed to C:\Users\Rezerv\Desktop\trash\other
2023-03-02 12:23:51,096 [INFO] - __main__ -  is_file_exists:47 - File with name 'sasha' is already exists and was renamed to sasha_02_03_2023_12_23_51_096829_.txt
2023-03-02 12:23:51,096 [INFO] - __main__ -     folder_sort:70 - File with name 'саша.txt' was removed to C:\Users\Rezerv\Desktop\trash\documents
2023-03-02 13:03:30,064 [INFO] - __main__ -       sort_file:127 - Empty folder 'C:\Users\Rezerv\Desktop\trash\1111' was removed
2023-03-02 13:03:30,086 [INFO] - __main__ -       normalize:35 - File name 'рисунок.bmp' was normalized
2023-03-02 13:03:30,117 [INFO] - __main__ -  is_file_exists:47 - File with name 'risunok' is already exists and was renamed to risunok_02_03_2023_13_03_30_117801_.bmp
2023-03-02 13:03:30,117 [INFO] - __main__ -     folder_sort:70 - File with name 'рисунок.bmp' was removed to C:\Users\Rezerv\Desktop\trash\other
2023-03-02 13:05:01,942 [INFO] - __main__ -       sort_file:127 - Empty folder 'C:\Users\Rezerv\Desktop\trash\5555' was removed
2023-03-02 13:13:53,367 [INFO] - __main__ -  is_fold_exists:59 - Folder with name 'C:\Users\Rezerv\Desktop\trash\other' was not exist and was created
2023-03-02 13:13:53,367 [INFO] - __main__ -       normalize:35 - File name 'рисунок.bmp' was normalized
2023-03-02 13:13:53,367 [INFO] - __main__ -  is_fold_exists:59 - Folder with name 'C:\Users\Rezerv\Desktop\trash\documents' was not exist and was created
2023-03-02 13:13:53,367 [INFO] - __main__ -     folder_sort:70 - File with name 'рисунок.bmp' was removed to C:\Users\Rezerv\Desktop\trash\other
2023-03-02 13:13:53,367 [INFO] - __main__ -       normalize:35 - File name 'саша.txt' was normalized
2023-03-02 13:13:53,367 [INFO] - __main__ -     folder_sort:70 - File with name 'саша.txt' was removed to C:\Users\Rezerv\Desktop\trash\documents
2023-03-02 13:13:53,367 [INFO] - __main__ -       normalize:35 - File name 'рисунок.bmp' was normalized
2023-03-02 13:13:53,367 [INFO] - __main__ -       normalize:35 - File name 'саша.txt' was normalized
2023-03-02 13:13:53,367 [INFO] - __main__ -  is_file_exists:47 - File with name 'sasha' is already exists and was renamed to sasha_02_03_2023_13_13_53_367717_.txt
2023-03-02 13:13:53,367 [INFO] - __main__ -  is_file_exists:47 - File with name 'risunok' is already exists and was renamed to risunok_02_03_2023_13_13_53_367717_.bmp
2023-03-02 13:13:53,367 [INFO] - __main__ -       normalize:35 - File name 'рисунок.bmp' was normalized
2023-03-02 13:13:53,367 [INFO] - __main__ -     folder_sort:70 - File with name 'саша.txt' was removed to C:\Users\Rezerv\Desktop\trash\documents
2023-03-02 13:13:53,367 [INFO] - __main__ -     folder_sort:70 - File with name 'рисунок.bmp' was removed to C:\Users\Rezerv\Desktop\trash\other
2023-03-02 13:13:53,367 [INFO] - __main__ -       normalize:35 - File name 'саша.txt' was normalized
2023-03-02 13:13:53,367 [INFO] - __main__ -  is_file_exists:47 - File with name 'risunok' is already exists and was renamed to risunok_02_03_2023_13_13_53_367717_.bmp
2023-03-02 13:13:53,367 [INFO] - __main__ -     folder_sort:70 - File with name 'рисунок.bmp' was removed to C:\Users\Rezerv\Desktop\trash\other
2023-03-02 13:13:53,367 [INFO] - __main__ -       normalize:35 - File name 'рисунок.bmp' was normalized
2023-03-02 13:13:53,367 [INFO] - __main__ -  is_file_exists:47 - File with name 'sasha' is already exists and was renamed to sasha_02_03_2023_13_13_53_367717_.txt
2023-03-02 13:13:53,367 [INFO] - __main__ -       normalize:35 - File name 'саша.txt' was normalized
2023-03-02 13:13:53,367 [INFO] - __main__ -     folder_sort:70 - File with name 'саша.txt' was removed to C:\Users\Rezerv\Desktop\trash\documents
2023-03-02 13:13:53,367 [INFO] - __main__ -  is_file_exists:47 - File with name 'risunok' is already exists and was renamed to risunok_02_03_2023_13_13_53_367717_.bmp
2023-03-02 13:13:53,367 [INFO] - __main__ -     folder_sort:70 - File with name 'рисунок.bmp' was removed to C:\Users\Rezerv\Desktop\trash\other
2023-03-02 13:13:53,367 [INFO] - __main__ -  is_file_exists:47 - File with name 'sasha' is already exists and was renamed to sasha_02_03_2023_13_13_53_367717_.txt
2023-03-02 13:13:53,367 [INFO] - __main__ -       sort_file:147 - Empty folder 'C:\Users\Rezerv\Desktop\trash\Новая папка' was removed
2023-03-02 13:13:53,367 [INFO] - __main__ -       sort_file:147 - Empty folder 'C:\Users\Rezerv\Desktop\trash\Новая папка (2)' was removed
2023-03-02 13:13:53,367 [INFO] - __main__ -       sort_file:147 - Empty folder 'C:\Users\Rezerv\Desktop\trash\Новая папка (3)' was removed
2023-03-02 13:13:53,367 [INFO] - __main__ -     folder_sort:70 - File with name 'саша.txt' was removed to C:\Users\Rezerv\Desktop\trash\documents
2023-03-02 13:17:07,355 [ERROR] - __main__ -            main:168 - The folder with path 'C:\Users\Rezerv\Desktop\trash\1' was not found
2023-03-02 13:19:26,864 [INFO] - __mp_main__ -     create_list:41 - [SpawnPoolWorker-1]: 128
2023-03-02 13:19:26,864 [INFO] - __mp_main__ -     create_list:41 - [SpawnPoolWorker-1]: 255
2023-03-02 13:19:26,864 [INFO] - __mp_main__ -     create_list:41 - [SpawnPoolWorker-1]: 99999
2023-03-02 13:19:27,396 [INFO] - __mp_main__ -     create_list:41 - [SpawnPoolWorker-1]: 10651060
2023-03-02 13:34:42,568 [INFO] - __mp_main__ -     create_list:41 - [SpawnPoolWorker-1]: 128
2023-03-02 13:34:42,568 [INFO] - __mp_main__ -     create_list:41 - [SpawnPoolWorker-1]: 255
2023-03-02 13:34:42,568 [INFO] - __mp_main__ -     create_list:41 - [SpawnPoolWorker-1]: 99999
2023-03-02 13:34:43,100 [INFO] - __mp_main__ -     create_list:41 - [SpawnPoolWorker-3]: 10651060
2023-03-02 13:34:50,505 [INFO] - __mp_main__ -     create_list:41 - [SpawnPoolWorker-1]: 128
2023-03-02 13:34:50,505 [INFO] - __mp_main__ -     create_list:41 - [SpawnPoolWorker-1]: 255
2023-03-02 13:34:50,505 [INFO] - __mp_main__ -     create_list:41 - [SpawnPoolWorker-1]: 99999
2023-03-02 13:34:51,027 [INFO] - __mp_main__ -     create_list:41 - [SpawnPoolWorker-1]: 10651060
2023-03-02 13:35:05,965 [INFO] - __mp_main__ -     create_list:41 - [SpawnPoolWorker-1]: 128
2023-03-02 13:35:05,965 [INFO] - __mp_main__ -     create_list:41 - [SpawnPoolWorker-1]: 255
2023-03-02 13:35:05,965 [INFO] - __mp_main__ -     create_list:41 - [SpawnPoolWorker-1]: 99999
2023-03-02 13:35:06,471 [INFO] - __mp_main__ -     create_list:41 - [SpawnPoolWorker-1]: 10651060
2023-03-02 13:35:08,245 [INFO] - __mp_main__ -     create_list:41 - [SpawnPoolWorker-1]: 128
2023-03-02 13:35:08,245 [INFO] - __mp_main__ -     create_list:41 - [SpawnPoolWorker-1]: 255
2023-03-02 13:35:08,248 [INFO] - __mp_main__ -     create_list:41 - [SpawnPoolWorker-1]: 99999
2023-03-02 13:35:08,749 [INFO] - __mp_main__ -     create_list:41 - [SpawnPoolWorker-1]: 10651060
2023-03-02 13:35:10,538 [INFO] - __mp_main__ -     create_list:41 - [SpawnPoolWorker-2]: 128
2023-03-02 13:35:10,538 [INFO] - __mp_main__ -     create_list:41 - [SpawnPoolWorker-2]: 255
2023-03-02 13:35:10,548 [INFO] - __mp_main__ -     create_list:41 - [SpawnPoolWorker-2]: 99999
2023-03-02 13:35:11,112 [INFO] - __mp_main__ -     create_list:41 - [SpawnPoolWorker-1]: 10651060
2023-03-02 13:35:13,784 [INFO] - __mp_main__ -     create_list:41 - [SpawnPoolWorker-1]: 128
2023-03-02 13:35:13,784 [INFO] - __mp_main__ -     create_list:41 - [SpawnPoolWorker-1]: 255
2023-03-02 13:35:13,784 [INFO] - __mp_main__ -     create_list:41 - [SpawnPoolWorker-1]: 99999
2023-03-02 13:35:14,300 [INFO] - __mp_main__ -     create_list:41 - [SpawnPoolWorker-2]: 10651060
2023-03-02 13:36:14,066 [INFO] - __mp_main__ -     create_list:41 - [SpawnPoolWorker-1]: 128
2023-03-02 13:36:14,066 [INFO] - __mp_main__ -     create_list:41 - [SpawnPoolWorker-1]: 255
2023-03-02 13:36:14,082 [INFO] - __mp_main__ -     create_list:41 - [SpawnPoolWorker-1]: 99999
2023-03-02 13:36:14,614 [INFO] - __mp_main__ -     create_list:41 - [SpawnPoolWorker-2]: 10651060
2023-03-02 13:36:24,257 [INFO] - __mp_main__ -     create_list:41 - [SpawnPoolWorker-1]: 128
2023-03-02 13:36:24,257 [INFO] - __mp_main__ -     create_list:41 - [SpawnPoolWorker-1]: 255
2023-03-02 13:36:24,272 [INFO] - __mp_main__ -     create_list:41 - [SpawnPoolWorker-1]: 99999
2023-03-02 13:36:24,796 [INFO] - __mp_main__ -     create_list:41 - [SpawnPoolWorker-1]: 10651060
2023-03-02 13:36:38,251 [INFO] - __mp_main__ -     create_list:41 - [SpawnPoolWorker-8]: 128
2023-03-02 13:36:38,251 [INFO] - __mp_main__ -     create_list:41 - [SpawnPoolWorker-8]: 255
2023-03-02 13:36:38,251 [INFO] - __mp_main__ -     create_list:41 - [SpawnPoolWorker-8]: 99999
2023-03-02 13:36:38,819 [INFO] - __mp_main__ -     create_list:41 - [SpawnPoolWorker-8]: 10651060
2023-03-02 13:36:41,634 [INFO] - __mp_main__ -     create_list:41 - [SpawnPoolWorker-2]: 128
2023-03-02 13:36:41,634 [INFO] - __mp_main__ -     create_list:41 - [SpawnPoolWorker-2]: 255
2023-03-02 13:36:41,634 [INFO] - __mp_main__ -     create_list:41 - [SpawnPoolWorker-2]: 99999
2023-03-02 13:36:42,195 [INFO] - __mp_main__ -     create_list:41 - [SpawnPoolWorker-2]: 10651060
2023-03-02 13:36:51,672 [INFO] - __mp_main__ -     create_list:41 - [SpawnPoolWorker-1]: 128
2023-03-02 13:36:51,672 [INFO] - __mp_main__ -     create_list:41 - [SpawnPoolWorker-1]: 255
2023-03-02 13:36:51,672 [INFO] - __mp_main__ -     create_list:41 - [SpawnPoolWorker-1]: 99999
2023-03-02 13:36:52,189 [INFO] - __mp_main__ -     create_list:41 - [SpawnPoolWorker-1]: 10651060
2023-03-02 13:36:58,776 [INFO] - __mp_main__ -     create_list:41 - [SpawnPoolWorker-1]: 128
2023-03-02 13:36:58,776 [INFO] - __mp_main__ -     create_list:41 - [SpawnPoolWorker-1]: 255
2023-03-02 13:36:58,776 [INFO] - __mp_main__ -     create_list:41 - [SpawnPoolWorker-1]: 99999
2023-03-02 13:36:59,277 [INFO] - __mp_main__ -     create_list:41 - [SpawnPoolWorker-1]: 10651060
2023-03-02 13:37:05,820 [INFO] - __mp_main__ -     create_list:41 - [SpawnPoolWorker-2]: 128
2023-03-02 13:37:05,820 [INFO] - __mp_main__ -     create_list:41 - [SpawnPoolWorker-1]: 255
2023-03-02 13:37:05,836 [INFO] - __mp_main__ -     create_list:41 - [SpawnPoolWorker-2]: 99999
2023-03-02 13:37:06,337 [INFO] - __mp_main__ -     create_list:41 - [SpawnPoolWorker-1]: 10651060
2023-03-02 13:37:12,837 [INFO] - __mp_main__ -     create_list:41 - [SpawnPoolWorker-1]: 128
2023-03-02 13:37:12,837 [INFO] - __mp_main__ -     create_list:41 - [SpawnPoolWorker-1]: 255
2023-03-02 13:37:12,837 [INFO] - __mp_main__ -     create_list:41 - [SpawnPoolWorker-1]: 99999
2023-03-02 13:37:13,361 [INFO] - __mp_main__ -     create_list:41 - [SpawnPoolWorker-1]: 10651060
2023-03-02 13:37:18,960 [INFO] - __mp_main__ -     create_list:41 - [SpawnPoolWorker-5]: 128
2023-03-02 13:37:18,960 [INFO] - __mp_main__ -     create_list:41 - [SpawnPoolWorker-4]: 255
2023-03-02 13:37:18,970 [INFO] - __mp_main__ -     create_list:41 - [SpawnPoolWorker-5]: 99999
2023-03-02 13:37:19,483 [INFO] - __mp_main__ -     create_list:41 - [SpawnPoolWorker-4]: 10651060
2023-03-02 13:37:29,120 [INFO] - __mp_main__ -     create_list:41 - [SpawnPoolWorker-4]: 128
2023-03-02 13:37:29,120 [INFO] - __mp_main__ -     create_list:41 - [SpawnPoolWorker-1]: 255
2023-03-02 13:37:29,122 [INFO] - __mp_main__ -     create_list:41 - [SpawnPoolWorker-2]: 99999
2023-03-02 13:37:29,627 [INFO] - __mp_main__ -     create_list:41 - [SpawnPoolWorker-4]: 10651060
2023-03-02 14:28:00,094 [INFO] - __mp_main__ -     create_list:42 - [SpawnPoolWorker-1]: 128
2023-03-02 14:28:00,094 [INFO] - __mp_main__ -     create_list:42 - [SpawnPoolWorker-1]: 255
2023-03-02 14:28:00,110 [INFO] - __mp_main__ -     create_list:42 - [SpawnPoolWorker-1]: 99999
2023-03-02 14:28:00,643 [INFO] - __mp_main__ -     create_list:42 - [SpawnPoolWorker-1]: 10651060
2023-03-02 14:28:00,774 [INFO] - __mp_main__ -     create_list:42 - [SpawnProcess-5]: 128
2023-03-02 14:28:00,774 [INFO] - __mp_main__ -     create_list:42 - [SpawnProcess-5]: 255
2023-03-02 14:28:00,783 [INFO] - __mp_main__ -     create_list:42 - [SpawnProcess-5]: 99999
2023-03-02 14:28:01,328 [INFO] - __mp_main__ -     create_list:42 - [SpawnProcess-5]: 10651060
2023-03-02 14:28:20,869 [INFO] - __mp_main__ -     create_list:42 - [SpawnPoolWorker-1]: 128
2023-03-02 14:28:20,871 [INFO] - __mp_main__ -     create_list:42 - [SpawnPoolWorker-1]: 255
2023-03-02 14:28:20,871 [INFO] - __mp_main__ -     create_list:42 - [SpawnPoolWorker-1]: 99999
2023-03-02 14:28:21,416 [INFO] - __mp_main__ -     create_list:42 - [SpawnPoolWorker-3]: 10651060
2023-03-02 14:28:21,563 [INFO] - __mp_main__ -     create_list:42 - [SpawnProcess-7]: 128
2023-03-02 14:28:21,563 [INFO] - __mp_main__ -     create_list:42 - [SpawnProcess-5]: 255
2023-03-02 14:28:21,563 [INFO] - __mp_main__ -     create_list:42 - [SpawnProcess-7]: 99999
2023-03-02 14:28:22,086 [INFO] - __mp_main__ -     create_list:42 - [SpawnProcess-5]: 10651060
2023-03-02 14:28:28,957 [INFO] - __mp_main__ -     create_list:42 - [SpawnPoolWorker-1]: 128
2023-03-02 14:28:28,957 [INFO] - __mp_main__ -     create_list:42 - [SpawnPoolWorker-1]: 255
2023-03-02 14:28:28,957 [INFO] - __mp_main__ -     create_list:42 - [SpawnPoolWorker-1]: 99999
2023-03-02 14:28:29,474 [INFO] - __mp_main__ -     create_list:42 - [SpawnPoolWorker-2]: 10651060
2023-03-02 14:28:29,574 [INFO] - __mp_main__ -     create_list:42 - [SpawnProcess-5]: 128
2023-03-02 14:28:29,574 [INFO] - __mp_main__ -     create_list:42 - [SpawnProcess-5]: 255
2023-03-02 14:28:29,590 [INFO] - __mp_main__ -     create_list:42 - [SpawnProcess-5]: 99999
2023-03-02 14:28:30,107 [INFO] - __mp_main__ -     create_list:42 - [SpawnProcess-6]: 10651060
2023-03-02 14:28:42,424 [INFO] - __mp_main__ -     create_list:42 - [SpawnProcess-2]: 128
2023-03-02 14:28:42,424 [INFO] - __mp_main__ -     create_list:42 - [SpawnProcess-1]: 255
2023-03-02 14:28:42,424 [INFO] - __mp_main__ -     create_list:42 - [SpawnProcess-2]: 99999
2023-03-02 14:28:43,136 [INFO] - __mp_main__ -     create_list:42 - [SpawnProcess-1]: 10651060
2023-03-02 14:28:43,803 [INFO] - __mp_main__ -     create_list:42 - [SpawnPoolWorker-5]: 128
2023-03-02 14:28:43,803 [INFO] - __mp_main__ -     create_list:42 - [SpawnPoolWorker-5]: 255
2023-03-02 14:28:43,813 [INFO] - __mp_main__ -     create_list:42 - [SpawnPoolWorker-5]: 99999
2023-03-02 14:28:44,319 [INFO] - __mp_main__ -     create_list:42 - [SpawnPoolWorker-6]: 10651060
2023-03-02 14:28:49,098 [INFO] - __mp_main__ -     create_list:42 - [SpawnProcess-1]: 128
2023-03-02 14:28:49,098 [INFO] - __mp_main__ -     create_list:42 - [SpawnProcess-1]: 255
2023-03-02 14:28:49,098 [INFO] - __mp_main__ -     create_list:42 - [SpawnProcess-1]: 99999
2023-03-02 14:28:49,615 [INFO] - __mp_main__ -     create_list:42 - [SpawnProcess-1]: 10651060
2023-03-02 14:28:50,270 [INFO] - __mp_main__ -     create_list:42 - [SpawnPoolWorker-6]: 128
2023-03-02 14:28:50,270 [INFO] - __mp_main__ -     create_list:42 - [SpawnPoolWorker-6]: 255
2023-03-02 14:28:50,285 [INFO] - __mp_main__ -     create_list:42 - [SpawnPoolWorker-6]: 99999
2023-03-02 14:28:50,818 [INFO] - __mp_main__ -     create_list:42 - [SpawnPoolWorker-7]: 10651060
2023-03-02 14:31:56,619 [INFO] - __mp_main__ -     create_list:42 - [SpawnPoolWorker-1]: 128
2023-03-02 14:31:56,619 [INFO] - __mp_main__ -     create_list:42 - [SpawnPoolWorker-1]: 255
2023-03-02 14:31:56,619 [INFO] - __mp_main__ -     create_list:42 - [SpawnPoolWorker-1]: 99999
2023-03-02 14:31:57,136 [INFO] - __mp_main__ -     create_list:42 - [SpawnPoolWorker-2]: 10651060
2023-03-02 14:31:57,252 [INFO] - __mp_main__ -     create_list:42 - [SpawnProcess-5]: 128
2023-03-02 14:31:57,252 [INFO] - __mp_main__ -     create_list:42 - [SpawnProcess-5]: 255
2023-03-02 14:31:57,252 [INFO] - __mp_main__ -     create_list:42 - [SpawnProcess-5]: 99999
2023-03-02 14:31:57,769 [INFO] - __mp_main__ -     create_list:42 - [SpawnProcess-5]: 10651060
2023-03-02 14:32:04,528 [INFO] - __mp_main__ -     create_list:42 - [SpawnPoolWorker-1]: 128
2023-03-02 14:32:04,528 [INFO] - __mp_main__ -     create_list:42 - [SpawnPoolWorker-1]: 255
2023-03-02 14:32:04,528 [INFO] - __mp_main__ -     create_list:42 - [SpawnPoolWorker-1]: 99999
2023-03-02 14:32:05,045 [INFO] - __mp_main__ -     create_list:42 - [SpawnPoolWorker-3]: 10651060
2023-03-02 14:32:05,160 [INFO] - __mp_main__ -     create_list:42 - [SpawnProcess-5]: 128
2023-03-02 14:32:05,160 [INFO] - __mp_main__ -     create_list:42 - [SpawnProcess-5]: 255
2023-03-02 14:32:05,160 [INFO] - __mp_main__ -     create_list:42 - [SpawnProcess-5]: 99999
2023-03-02 14:32:05,662 [INFO] - __mp_main__ -     create_list:42 - [SpawnProcess-5]: 10651060
2023-03-02 14:32:16,733 [INFO] - __mp_main__ -     create_list:42 - [SpawnPoolWorker-1]: 128
2023-03-02 14:32:16,733 [INFO] - __mp_main__ -     create_list:42 - [SpawnPoolWorker-1]: 255
2023-03-02 14:32:16,733 [INFO] - __mp_main__ -     create_list:42 - [SpawnPoolWorker-1]: 99999
2023-03-02 14:32:17,272 [INFO] - __mp_main__ -     create_list:42 - [SpawnPoolWorker-1]: 10651060
2023-03-02 14:32:17,388 [INFO] - __mp_main__ -     create_list:42 - [SpawnProcess-5]: 128
2023-03-02 14:32:17,388 [INFO] - __mp_main__ -     create_list:42 - [SpawnProcess-5]: 255
2023-03-02 14:32:17,388 [INFO] - __mp_main__ -     create_list:42 - [SpawnProcess-5]: 99999
2023-03-02 14:32:17,905 [INFO] - __mp_main__ -     create_list:42 - [SpawnProcess-5]: 10651060
2023-03-02 14:32:28,351 [INFO] - __mp_main__ -     create_list:42 - [SpawnPoolWorker-3]: 128
2023-03-02 14:32:28,351 [INFO] - __mp_main__ -     create_list:42 - [SpawnPoolWorker-3]: 255
2023-03-02 14:32:28,351 [INFO] - __mp_main__ -     create_list:42 - [SpawnPoolWorker-3]: 99999
2023-03-02 14:32:28,875 [INFO] - __mp_main__ -     create_list:42 - [SpawnPoolWorker-2]: 10651060
2023-03-02 14:32:28,985 [INFO] - __mp_main__ -     create_list:42 - [SpawnProcess-5]: 128
2023-03-02 14:32:28,985 [INFO] - __mp_main__ -     create_list:42 - [SpawnProcess-5]: 255
2023-03-02 14:32:28,985 [INFO] - __mp_main__ -     create_list:42 - [SpawnProcess-5]: 99999
2023-03-02 14:32:29,549 [INFO] - __mp_main__ -     create_list:42 - [SpawnProcess-5]: 10651060
2023-03-02 14:32:33,220 [INFO] - __mp_main__ -     create_list:42 - [SpawnPoolWorker-1]: 128
2023-03-02 14:32:33,220 [INFO] - __mp_main__ -     create_list:42 - [SpawnPoolWorker-1]: 255
2023-03-02 14:32:33,220 [INFO] - __mp_main__ -     create_list:42 - [SpawnPoolWorker-1]: 99999
2023-03-02 14:32:33,759 [INFO] - __mp_main__ -     create_list:42 - [SpawnPoolWorker-3]: 10651060
2023-03-02 14:32:33,875 [INFO] - __mp_main__ -     create_list:42 - [SpawnProcess-6]: 128
2023-03-02 14:32:33,875 [INFO] - __mp_main__ -     create_list:42 - [SpawnProcess-6]: 255
2023-03-02 14:32:33,875 [INFO] - __mp_main__ -     create_list:42 - [SpawnProcess-6]: 99999
2023-03-02 14:32:34,392 [INFO] - __mp_main__ -     create_list:42 - [SpawnProcess-7]: 10651060
2023-03-02 14:33:09,801 [INFO] - __mp_main__ -     create_list:42 - [SpawnPoolWorker-1]: 128
2023-03-02 14:33:09,801 [INFO] - __mp_main__ -     create_list:42 - [SpawnPoolWorker-2]: 255
2023-03-02 14:33:09,801 [INFO] - __mp_main__ -     create_list:42 - [SpawnPoolWorker-1]: 99999
2023-03-02 14:33:10,302 [INFO] - __mp_main__ -     create_list:42 - [SpawnPoolWorker-2]: 10651060
2023-03-02 14:33:10,402 [INFO] - __mp_main__ -     create_list:42 - [SpawnProcess-5]: 128
2023-03-02 14:33:10,402 [INFO] - __mp_main__ -     create_list:42 - [SpawnProcess-5]: 255
2023-03-02 14:33:10,418 [INFO] - __mp_main__ -     create_list:42 - [SpawnProcess-5]: 99999
2023-03-02 14:33:10,935 [INFO] - __mp_main__ -     create_list:42 - [SpawnProcess-6]: 10651060
2023-03-02 14:33:20,924 [INFO] - __mp_main__ -     create_list:42 - [SpawnPoolWorker-1]: 128
2023-03-02 14:33:20,924 [INFO] - __mp_main__ -     create_list:42 - [SpawnPoolWorker-1]: 255
2023-03-02 14:33:20,940 [INFO] - __mp_main__ -     create_list:42 - [SpawnPoolWorker-1]: 99999
2023-03-02 14:33:21,441 [INFO] - __mp_main__ -     create_list:42 - [SpawnPoolWorker-2]: 10651060
2023-03-02 14:33:21,557 [INFO] - __mp_main__ -     create_list:42 - [SpawnProcess-5]: 128
2023-03-02 14:33:21,557 [INFO] - __mp_main__ -     create_list:42 - [SpawnProcess-5]: 255
2023-03-02 14:33:21,557 [INFO] - __mp_main__ -     create_list:42 - [SpawnProcess-5]: 99999
2023-03-02 14:33:22,096 [INFO] - __mp_main__ -     create_list:42 - [SpawnProcess-6]: 10651060
2023-03-02 14:33:28,243 [INFO] - __mp_main__ -     create_list:42 - [SpawnPoolWorker-1]: 128
2023-03-02 14:33:28,243 [INFO] - __mp_main__ -     create_list:42 - [SpawnPoolWorker-1]: 255
2023-03-02 14:33:28,243 [INFO] - __mp_main__ -     create_list:42 - [SpawnPoolWorker-1]: 99999
2023-03-02 14:33:28,798 [INFO] - __mp_main__ -     create_list:42 - [SpawnPoolWorker-1]: 10651060
2023-03-02 14:33:28,914 [INFO] - __mp_main__ -     create_list:42 - [SpawnProcess-5]: 128
2023-03-02 14:33:28,914 [INFO] - __mp_main__ -     create_list:42 - [SpawnProcess-5]: 255
2023-03-02 14:33:28,914 [INFO] - __mp_main__ -     create_list:42 - [SpawnProcess-5]: 99999
2023-03-02 14:33:29,446 [INFO] - __mp_main__ -     create_list:42 - [SpawnProcess-5]: 10651060
2023-03-02 14:33:32,565 [INFO] - __mp_main__ -     create_list:42 - [SpawnPoolWorker-1]: 128
2023-03-02 14:33:32,565 [INFO] - __mp_main__ -     create_list:42 - [SpawnPoolWorker-1]: 255
2023-03-02 14:33:32,565 [INFO] - __mp_main__ -     create_list:42 - [SpawnPoolWorker-1]: 99999
2023-03-02 14:33:33,082 [INFO] - __mp_main__ -     create_list:42 - [SpawnPoolWorker-1]: 10651060
2023-03-02 14:33:33,183 [INFO] - __mp_main__ -     create_list:42 - [SpawnProcess-5]: 128
2023-03-02 14:33:33,183 [INFO] - __mp_main__ -     create_list:42 - [SpawnProcess-5]: 255
2023-03-02 14:33:33,183 [INFO] - __mp_main__ -     create_list:42 - [SpawnProcess-5]: 99999
2023-03-02 14:33:33,700 [INFO] - __mp_main__ -     create_list:42 - [SpawnProcess-5]: 10651060
2023-03-02 14:33:41,892 [INFO] - __mp_main__ -     create_list:42 - [SpawnPoolWorker-2]: 128
2023-03-02 14:33:41,892 [INFO] - __mp_main__ -     create_list:42 - [SpawnPoolWorker-2]: 255
2023-03-02 14:33:41,892 [INFO] - __mp_main__ -     create_list:42 - [SpawnPoolWorker-2]: 99999
2023-03-02 14:33:42,438 [INFO] - __mp_main__ -     create_list:42 - [SpawnPoolWorker-2]: 10651060
2023-03-02 14:33:42,554 [INFO] - __mp_main__ -     create_list:42 - [SpawnProcess-7]: 128
2023-03-02 14:33:42,554 [INFO] - __mp_main__ -     create_list:42 - [SpawnProcess-7]: 255
2023-03-02 14:33:42,554 [INFO] - __mp_main__ -     create_list:42 - [SpawnProcess-7]: 99999
2023-03-02 14:33:43,071 [INFO] - __mp_main__ -     create_list:42 - [SpawnProcess-7]: 10651060
2023-03-02 14:33:49,040 [INFO] - __mp_main__ -     create_list:42 - [SpawnPoolWorker-2]: 128
2023-03-02 14:33:49,056 [INFO] - __mp_main__ -     create_list:42 - [SpawnPoolWorker-2]: 255
2023-03-02 14:33:49,056 [INFO] - __mp_main__ -     create_list:42 - [SpawnPoolWorker-2]: 99999
2023-03-02 14:33:49,573 [INFO] - __mp_main__ -     create_list:42 - [SpawnPoolWorker-2]: 10651060
2023-03-02 14:33:49,673 [INFO] - __mp_main__ -     create_list:42 - [SpawnProcess-5]: 128
2023-03-02 14:33:49,673 [INFO] - __mp_main__ -     create_list:42 - [SpawnProcess-5]: 255
2023-03-02 14:33:49,673 [INFO] - __mp_main__ -     create_list:42 - [SpawnProcess-5]: 99999
2023-03-02 14:33:50,184 [INFO] - __mp_main__ -     create_list:42 - [SpawnProcess-5]: 10651060
2023-03-02 14:33:58,907 [INFO] - __mp_main__ -     create_list:42 - [SpawnPoolWorker-2]: 128
2023-03-02 14:33:58,907 [INFO] - __mp_main__ -     create_list:42 - [SpawnPoolWorker-2]: 255
2023-03-02 14:33:58,923 [INFO] - __mp_main__ -     create_list:42 - [SpawnPoolWorker-2]: 99999
2023-03-02 14:33:59,440 [INFO] - __mp_main__ -     create_list:42 - [SpawnPoolWorker-3]: 10651060
2023-03-02 14:33:59,562 [INFO] - __mp_main__ -     create_list:42 - [SpawnProcess-5]: 128
2023-03-02 14:33:59,562 [INFO] - __mp_main__ -     create_list:42 - [SpawnProcess-5]: 255
2023-03-02 14:33:59,562 [INFO] - __mp_main__ -     create_list:42 - [SpawnProcess-5]: 99999
2023-03-02 14:34:00,064 [INFO] - __mp_main__ -     create_list:42 - [SpawnProcess-6]: 10651060
2023-03-02 14:35:08,764 [INFO] - __mp_main__ -     create_list:42 - [SpawnPoolWorker-2]: 128
2023-03-02 14:35:08,764 [INFO] - __mp_main__ -     create_list:42 - [SpawnPoolWorker-2]: 255
2023-03-02 14:35:08,764 [INFO] - __mp_main__ -     create_list:42 - [SpawnPoolWorker-2]: 99999
2023-03-02 14:35:09,266 [INFO] - __mp_main__ -     create_list:42 - [SpawnPoolWorker-1]: 10651060
2023-03-02 14:35:09,388 [INFO] - __mp_main__ -     create_list:42 - [SpawnProcess-5]: 128
2023-03-02 14:35:09,388 [INFO] - __mp_main__ -     create_list:42 - [SpawnProcess-5]: 255
2023-03-02 14:35:09,388 [INFO] - __mp_main__ -     create_list:42 - [SpawnProcess-5]: 99999
2023-03-02 14:35:09,889 [INFO] - __mp_main__ -     create_list:42 - [SpawnProcess-6]: 10651060
2023-03-02 14:35:38,516 [INFO] - __mp_main__ -     create_list:42 - [SpawnPoolWorker-1]: 128
2023-03-02 14:35:38,516 [INFO] - __mp_main__ -     create_list:42 - [SpawnPoolWorker-1]: 255
2023-03-02 14:35:38,531 [INFO] - __mp_main__ -     create_list:42 - [SpawnPoolWorker-1]: 99999
2023-03-02 14:35:39,064 [INFO] - __mp_main__ -     create_list:42 - [SpawnPoolWorker-1]: 10651060
2023-03-02 14:35:39,233 [INFO] - __mp_main__ -     create_list:42 - [SpawnProcess-5]: 128
2023-03-02 14:35:39,233 [INFO] - __mp_main__ -     create_list:42 - [SpawnProcess-5]: 255
2023-03-02 14:35:39,249 [INFO] - __mp_main__ -     create_list:42 - [SpawnProcess-5]: 99999
2023-03-02 14:35:39,749 [INFO] - __mp_main__ -     create_list:42 - [SpawnProcess-8]: 10651060
2023-03-02 14:35:47,649 [INFO] - __mp_main__ -     create_list:42 - [SpawnPoolWorker-1]: 128
2023-03-02 14:35:47,651 [INFO] - __mp_main__ -     create_list:42 - [SpawnPoolWorker-1]: 255
2023-03-02 14:35:47,651 [INFO] - __mp_main__ -     create_list:42 - [SpawnPoolWorker-1]: 99999
2023-03-02 14:35:48,187 [INFO] - __mp_main__ -     create_list:42 - [SpawnPoolWorker-1]: 10651060
2023-03-02 14:35:48,307 [INFO] - __mp_main__ -     create_list:42 - [SpawnProcess-5]: 128
2023-03-02 14:35:48,307 [INFO] - __mp_main__ -     create_list:42 - [SpawnProcess-5]: 255
2023-03-02 14:35:48,307 [INFO] - __mp_main__ -     create_list:42 - [SpawnProcess-5]: 99999
2023-03-02 14:35:48,837 [INFO] - __mp_main__ -     create_list:42 - [SpawnProcess-5]: 10651060
